5 -7 84.0741
-1 -7 82.963
5 -1 77.4074
-1 -1 80.3704
11 -7 81.8519
11 -1 77.037
5 -13 82.963
-1 -13 55.5556
11 -13 84.0741
-3 -7 57.4074
-3 -1 72.5926
-3 -13 55.5556
5 1 69.6296
-1 1 64.4444
11 1 69.6296
-3 1 55.5556
9 -7 79.6296
9 -1 77.037
9 -13 82.963
9 1 69.6296
5 -11 82.5926
-1 -11 55.5556
11 -11 84.4444
-3 -11 55.5556
9 -11 84.0741
3 -7 82.963
3 -1 77.4074
3 -13 61.4815
3 1 69.6296
3 -11 82.963
5 -5 80.7407
-1 -5 81.8519
11 -5 78.8889
-3 -5 82.2222
9 -5 79.2593
3 -5 84.0741
15 -7 77.7778
15 -1 77.037
15 -13 83.7037
15 1 69.6296
15 -11 83.7037
15 -5 77.4074
5 -15 61.4815
-1 -15 55.5556
11 -15 82.963
-3 -15 55.5556
9 -15 82.5926
3 -15 55.5556
15 -15 83.3333
-5 -7 55.5556
-5 -1 55.5556
-5 -13 55.5556
-5 1 55.5556
-5 -11 55.5556
-5 -5 55.5556
-5 -15 55.5556
5 3 62.2222
-1 3 55.5556
11 3 62.2222
-3 3 55.5556
9 3 62.2222
3 3 62.2222
15 3 62.2222
-5 3 55.5556
7 -7 83.3333
7 -1 77.037
7 -13 82.5926
7 1 69.6296
7 -11 82.963
7 -5 80.7407
7 -15 82.963
7 3 62.2222
5 -9 82.963
-1 -9 60.3704
11 -9 82.963
-3 -9 55.5556
9 -9 84.8148
3 -9 82.5926
15 -9 82.2222
-5 -9 55.5556
7 -9 84.0741
1 -7 82.5926
1 -1 79.2593
1 -13 55.5556
1 1 71.1111
1 -11 61.1111
1 -5 82.2222
1 -15 55.5556
1 3 62.2222
1 -9 82.963
5 -3 79.2593
-1 -3 81.1111
11 -3 77.7778
-3 -3 81.8519
9 -3 77.7778
3 -3 79.2593
15 -3 77.7778
-5 -3 64.0741
7 -3 78.8889
1 -3 81.4815
13 -7 78.5185
13 -1 77.037
13 -13 83.3333
13 1 69.6296
13 -11 84.0741
13 -5 76.6667
13 -15 84.0741
13 3 62.2222
13 -9 80.0
13 -3 77.7778
