5 -7 77.592
-1 -7 75.3623
5 -1 61.6499
-1 -1 61.204
11 -7 76.3657
11 -1 61.6499
5 -13 79.2642
-1 -13 61.204
11 -13 73.8016
-3 -7 61.204
-3 -1 61.204
-3 -13 61.204
5 1 61.6499
-1 1 61.204
11 1 61.6499
-3 1 61.204
9 -7 76.3657
9 -1 61.6499
9 -13 76.1427
9 1 61.6499
5 -11 78.1494
-1 -11 61.204
11 -11 74.0245
-3 -11 61.204
9 -11 74.4705
3 -7 78.0379
3 -1 61.6499
3 -13 75.1394
3 1 61.6499
3 -11 79.5987
5 -5 70.903
-1 -5 66.6667
11 -5 70.903
-3 -5 61.5385
9 -5 70.903
3 -5 70.68
15 -7 76.3657
15 -1 61.6499
15 -13 72.9097
15 1 61.6499
15 -11 73.1327
15 -5 70.903
5 -15 75.2508
-1 -15 61.204
11 -15 75.8082
-3 -15 61.204
9 -15 77.592
3 -15 61.204
15 -15 73.3556
-5 -7 61.204
-5 -1 61.204
-5 -13 61.204
-5 1 61.204
-5 -11 61.204
-5 -5 61.204
-5 -15 61.204
5 3 61.6499
-1 3 61.204
11 3 61.6499
-3 3 61.204
9 3 61.6499
3 3 61.6499
15 3 61.6499
-5 3 61.204
7 -7 76.5886
7 -1 61.6499
7 -13 77.592
7 1 61.6499
7 -11 76.1427
7 -5 70.903
7 -15 79.0412
7 3 61.6499
5 -9 77.0346
-1 -9 68.5619
11 -9 74.2475
-3 -9 61.204
9 -9 74.5819
3 -9 79.1527
15 -9 74.2475
-5 -9 61.204
7 -9 75.2508
1 -7 78.7068
1 -1 61.6499
1 -13 61.204
1 1 61.6499
1 -11 73.913
1 -5 71.5719
1 -15 61.204
1 3 61.6499
1 -9 80.1561
5 -3 62.7648
-1 -3 61.7614
11 -3 62.7648
-3 -3 61.204
9 -3 62.7648
3 -3 62.7648
15 -3 62.7648
-5 -3 61.204
7 -3 62.7648
1 -3 62.4303
13 -7 76.3657
13 -1 61.6499
13 -13 73.4671
13 1 61.6499
13 -11 73.1327
13 -5 70.903
13 -15 73.8016
13 3 61.6499
13 -9 74.2475
13 -3 62.7648
