5 -7 62.0
-1 -7 62.0
5 -1 62.0
-1 -1 62.0
11 -7 62.0
11 -1 62.0
5 -13 62.0
-1 -13 62.0
11 -13 62.0
-3 -7 62.0
-3 -1 62.0
-3 -13 62.0
5 1 62.0
-1 1 62.0
11 1 62.0
-3 1 62.0
9 -7 62.0
9 -1 62.0
9 -13 62.0
9 1 62.0
5 -11 62.0
-1 -11 62.0
11 -11 62.0
-3 -11 62.0
9 -11 62.0
3 -7 62.0
3 -1 62.0
3 -13 62.0
3 1 62.0
3 -11 62.0
5 -5 62.0
-1 -5 62.0
11 -5 62.0
-3 -5 62.0
9 -5 62.0
3 -5 62.0
15 -7 62.0
15 -1 62.0
15 -13 62.0
15 1 62.0
15 -11 62.0
15 -5 62.0
5 -15 62.0
-1 -15 62.0
11 -15 62.0
-3 -15 62.0
9 -15 62.0
3 -15 62.0
15 -15 62.0
-5 -7 62.0
-5 -1 62.0
-5 -13 62.0
-5 1 62.0
-5 -11 62.0
-5 -5 62.0
-5 -15 62.0
5 3 62.0
-1 3 62.0
11 3 62.0
-3 3 62.0
9 3 62.0
3 3 62.0
15 3 62.0
-5 3 62.0
7 -7 62.0
7 -1 62.0
7 -13 62.0
7 1 62.0
7 -11 62.0
7 -5 62.0
7 -15 62.0
7 3 62.0
5 -9 62.0
-1 -9 62.0
11 -9 62.0
-3 -9 62.0
9 -9 62.0
3 -9 62.0
15 -9 62.0
-5 -9 62.0
7 -9 62.0
1 -7 62.0
1 -1 62.0
1 -13 62.0
1 1 62.0
1 -11 62.0
1 -5 62.0
1 -15 62.0
1 3 62.0
1 -9 62.0
5 -3 62.0
-1 -3 62.0
11 -3 62.0
-3 -3 62.0
9 -3 62.0
3 -3 62.0
15 -3 62.0
-5 -3 62.0
7 -3 62.0
1 -3 62.0
13 -7 62.0
13 -1 62.0
13 -13 62.0
13 1 62.0
13 -11 62.0
13 -5 62.0
13 -15 62.0
13 3 62.0
13 -9 62.0
13 -3 62.0
